/home/krug/.gem/ruby/gems/sufia-models-6.0.0/lib/tasks/sufia-models_tasks.rake:13: warning: already initialized constant FULLTEXT_JARS
/home/krug/.gem/ruby/gems/sufia-models-6.0.0/lib/tasks/sufia-models_tasks.rake:13: warning: previous definition of FULLTEXT_JARS was here
/home/krug/.gem/ruby/gems/redis-3.2.1/lib/redis/client.rb:331:in `rescue in establish_connection': Error connecting to Redis on localhost:6379 (Errno::ECONNREFUSED) (Redis::CannotConnectError)
	from /home/krug/.gem/ruby/gems/redis-3.2.1/lib/redis/client.rb:317:in `establish_connection'
	from /home/krug/.gem/ruby/gems/redis-3.2.1/lib/redis/client.rb:94:in `block in connect'
	from /home/krug/.gem/ruby/gems/redis-3.2.1/lib/redis/client.rb:279:in `with_reconnect'
	from /home/krug/.gem/ruby/gems/redis-3.2.1/lib/redis/client.rb:93:in `connect'
	from /home/krug/.gem/ruby/gems/redis-3.2.1/lib/redis/client.rb:232:in `reconnect'
	from /home/krug/.gem/ruby/gems/sufia-models-6.0.0/lib/tasks/resque.rake:11:in `block (2 levels) in <top (required)>'
	from /home/krug/.gem/ruby/gems/resque-pool-0.5.0/lib/resque/pool.rb:54:in `call'
	from /home/krug/.gem/ruby/gems/resque-pool-0.5.0/lib/resque/pool.rb:54:in `block in call_after_prefork!'
	from /home/krug/.gem/ruby/gems/resque-pool-0.5.0/lib/resque/pool.rb:53:in `each'
	from /home/krug/.gem/ruby/gems/resque-pool-0.5.0/lib/resque/pool.rb:53:in `call_after_prefork!'
	from /home/krug/.gem/ruby/gems/resque-pool-0.5.0/lib/resque/pool.rb:400:in `block in spawn_worker!'
	from /home/krug/.gem/ruby/gems/resque-pool-0.5.0/lib/resque/pool.rb:396:in `fork'
	from /home/krug/.gem/ruby/gems/resque-pool-0.5.0/lib/resque/pool.rb:396:in `spawn_worker!'
	from /home/krug/.gem/ruby/gems/resque-pool-0.5.0/lib/resque/pool.rb:374:in `block in spawn_missing_workers_for'
	from /home/krug/.gem/ruby/gems/resque-pool-0.5.0/lib/resque/pool.rb:373:in `times'
	from /home/krug/.gem/ruby/gems/resque-pool-0.5.0/lib/resque/pool.rb:373:in `spawn_missing_workers_for'
	from /home/krug/.gem/ruby/gems/resque-pool-0.5.0/lib/resque/pool.rb:359:in `block in maintain_worker_count'
	from /home/krug/.gem/ruby/gems/resque-pool-0.5.0/lib/resque/pool.rb:357:in `each'
	from /home/krug/.gem/ruby/gems/resque-pool-0.5.0/lib/resque/pool.rb:357:in `maintain_worker_count'
	from /home/krug/.gem/ruby/gems/resque-pool-0.5.0/lib/resque/pool.rb:271:in `start'
	from /home/krug/.gem/ruby/gems/resque-pool-0.5.0/lib/resque/pool.rb:96:in `run'
	from /home/krug/.gem/ruby/gems/resque-pool-0.5.0/lib/resque/pool/tasks.rb:17:in `block (2 levels) in <top (required)>'
	from /usr/local/share/gems/gems/rake-10.4.2/lib/rake/task.rb:240:in `call'
	from /usr/local/share/gems/gems/rake-10.4.2/lib/rake/task.rb:240:in `block in execute'
	from /usr/local/share/gems/gems/rake-10.4.2/lib/rake/task.rb:235:in `each'
	from /usr/local/share/gems/gems/rake-10.4.2/lib/rake/task.rb:235:in `execute'
	from /usr/local/share/gems/gems/rake-10.4.2/lib/rake/task.rb:179:in `block in invoke_with_call_chain'
	from /usr/share/ruby/monitor.rb:211:in `mon_synchronize'
	from /usr/local/share/gems/gems/rake-10.4.2/lib/rake/task.rb:172:in `invoke_with_call_chain'
	from /usr/local/share/gems/gems/rake-10.4.2/lib/rake/task.rb:165:in `invoke'
	from /home/krug/.gem/ruby/gems/resque-pool-0.5.0/lib/resque/pool/cli.rb:145:in `start_pool'
	from /home/krug/.gem/ruby/gems/resque-pool-0.5.0/lib/resque/pool/cli.rb:20:in `run'
	from /home/krug/.gem/ruby/gems/resque-pool-0.5.0/bin/resque-pool:7:in `<top (required)>'
	from /home/krug/bin/resque-pool:23:in `load'
	from /home/krug/bin/resque-pool:23:in `<main>'
/home/krug/.gem/ruby/gems/redis-3.2.1/lib/redis/client.rb:331:in `rescue in establish_connection': Error connecting to Redis on localhost:6379 (Errno::ECONNREFUSED) (Redis::CannotConnectError)
	from /home/krug/.gem/ruby/gems/redis-3.2.1/lib/redis/client.rb:317:in `establish_connection'
	from /home/krug/.gem/ruby/gems/redis-3.2.1/lib/redis/client.rb:94:in `block in connect'
	from /home/krug/.gem/ruby/gems/redis-3.2.1/lib/redis/client.rb:279:in `with_reconnect'
	from /home/krug/.gem/ruby/gems/redis-3.2.1/lib/redis/client.rb:93:in `connect'
	from /home/krug/.gem/ruby/gems/redis-3.2.1/lib/redis/client.rb:350:in `ensure_connected'
	from /home/krug/.gem/ruby/gems/redis-3.2.1/lib/redis/client.rb:207:in `block in process'
	from /home/krug/.gem/ruby/gems/redis-3.2.1/lib/redis/client.rb:292:in `logging'
	from /home/krug/.gem/ruby/gems/redis-3.2.1/lib/redis/client.rb:206:in `process'
	from /home/krug/.gem/ruby/gems/redis-3.2.1/lib/redis/client.rb:112:in `call'
	from /home/krug/.gem/ruby/gems/redis-3.2.1/lib/redis.rb:1320:in `block in smembers'
	from /home/krug/.gem/ruby/gems/redis-3.2.1/lib/redis.rb:37:in `block in synchronize'
	from /usr/share/ruby/monitor.rb:211:in `mon_synchronize'
	from /home/krug/.gem/ruby/gems/redis-3.2.1/lib/redis.rb:37:in `synchronize'
	from /home/krug/.gem/ruby/gems/redis-3.2.1/lib/redis.rb:1319:in `smembers'
	from /home/krug/.gem/ruby/gems/redis-namespace-1.5.2/lib/redis/namespace.rb:393:in `call_with_namespace'
	from /home/krug/.gem/ruby/gems/redis-namespace-1.5.2/lib/redis/namespace.rb:290:in `method_missing'
	from /home/krug/.gem/ruby/gems/resque-1.25.2/lib/resque.rb:259:in `queues'
	from /home/krug/.gem/ruby/gems/resque-1.25.2/lib/resque/worker.rb:311:in `glob_match'
	from /home/krug/.gem/ruby/gems/resque-1.25.2/lib/resque/worker.rb:302:in `block in queues'
	from /home/krug/.gem/ruby/gems/resque-1.25.2/lib/resque/worker.rb:300:in `map'
	from /home/krug/.gem/ruby/gems/resque-1.25.2/lib/resque/worker.rb:300:in `queues'
	from /home/krug/.gem/ruby/gems/resque-pool-0.5.0/lib/resque/pool.rb:323:in `block in reap_all_workers'
	from /home/krug/.gem/ruby/gems/resque-pool-0.5.0/lib/resque/pool.rb:317:in `loop'
	from /home/krug/.gem/ruby/gems/resque-pool-0.5.0/lib/resque/pool.rb:317:in `reap_all_workers'
	from /home/krug/.gem/ruby/gems/resque-pool-0.5.0/lib/resque/pool.rb:288:in `block in join'
	from /home/krug/.gem/ruby/gems/resque-pool-0.5.0/lib/resque/pool.rb:287:in `loop'
	from /home/krug/.gem/ruby/gems/resque-pool-0.5.0/lib/resque/pool.rb:287:in `join'
	from /home/krug/.gem/ruby/gems/resque-pool-0.5.0/lib/resque/pool.rb:96:in `run'
	from /home/krug/.gem/ruby/gems/resque-pool-0.5.0/lib/resque/pool/tasks.rb:17:in `block (2 levels) in <top (required)>'
	from /usr/local/share/gems/gems/rake-10.4.2/lib/rake/task.rb:240:in `call'
	from /usr/local/share/gems/gems/rake-10.4.2/lib/rake/task.rb:240:in `block in execute'
	from /usr/local/share/gems/gems/rake-10.4.2/lib/rake/task.rb:235:in `each'
	from /usr/local/share/gems/gems/rake-10.4.2/lib/rake/task.rb:235:in `execute'
	from /usr/local/share/gems/gems/rake-10.4.2/lib/rake/task.rb:179:in `block in invoke_with_call_chain'
	from /usr/share/ruby/monitor.rb:211:in `mon_synchronize'
	from /usr/local/share/gems/gems/rake-10.4.2/lib/rake/task.rb:172:in `invoke_with_call_chain'
	from /usr/local/share/gems/gems/rake-10.4.2/lib/rake/task.rb:165:in `invoke'
	from /home/krug/.gem/ruby/gems/resque-pool-0.5.0/lib/resque/pool/cli.rb:145:in `start_pool'
	from /home/krug/.gem/ruby/gems/resque-pool-0.5.0/lib/resque/pool/cli.rb:20:in `run'
	from /home/krug/.gem/ruby/gems/resque-pool-0.5.0/bin/resque-pool:7:in `<top (required)>'
	from /home/krug/bin/resque-pool:23:in `load'
	from /home/krug/bin/resque-pool:23:in `<main>'
